Server running on http://localhost:8000
GET Request From: 127.0.0.1 on / at 23:08:57
Error: Failed to lookup view "pages/index" in views directory "/home/server/NodeJS/views"
    at Function.render (/home/server/NodeJS/src/node_modules/express/lib/application.js:580:17)
    at ServerResponse.render (/home/server/NodeJS/src/node_modules/express/lib/response.js:1012:7)
    at /home/server/NodeJS/src/routes/routes.js:25:13
    at Layer.handle [as handle_request] (/home/server/NodeJS/src/node_modules/express/lib/router/layer.js:95:5)
    at next (/home/server/NodeJS/src/node_modules/express/lib/router/route.js:137:13)
    at Route.dispatch (/home/server/NodeJS/src/node_modules/express/lib/router/route.js:112:3)
    at Layer.handle [as handle_request] (/home/server/NodeJS/src/node_modules/express/lib/router/layer.js:95:5)
    at /home/server/NodeJS/src/node_modules/express/lib/router/index.js:281:22
    at Function.process_params (/home/server/NodeJS/src/node_modules/express/lib/router/index.js:335:12)
    at next (/home/server/NodeJS/src/node_modules/express/lib/router/index.js:275:10)
GET Request From: 127.0.0.1 on / at 23:08:59
Error: Failed to lookup view "pages/index" in views directory "/home/server/NodeJS/views"
    at Function.render (/home/server/NodeJS/src/node_modules/express/lib/application.js:580:17)
    at ServerResponse.render (/home/server/NodeJS/src/node_modules/express/lib/response.js:1012:7)
    at /home/server/NodeJS/src/routes/routes.js:25:13
    at Layer.handle [as handle_request] (/home/server/NodeJS/src/node_modules/express/lib/router/layer.js:95:5)
    at next (/home/server/NodeJS/src/node_modules/express/lib/router/route.js:137:13)
    at Route.dispatch (/home/server/NodeJS/src/node_modules/express/lib/router/route.js:112:3)
    at Layer.handle [as handle_request] (/home/server/NodeJS/src/node_modules/express/lib/router/layer.js:95:5)
    at /home/server/NodeJS/src/node_modules/express/lib/router/index.js:281:22
    at Function.process_params (/home/server/NodeJS/src/node_modules/express/lib/router/index.js:335:12)
    at next (/home/server/NodeJS/src/node_modules/express/lib/router/index.js:275:10)
GET Request From: 127.0.0.1 on / at 23:08:59
Error: Failed to lookup view "pages/index" in views directory "/home/server/NodeJS/views"
    at Function.render (/home/server/NodeJS/src/node_modules/express/lib/application.js:580:17)
    at ServerResponse.render (/home/server/NodeJS/src/node_modules/express/lib/response.js:1012:7)
    at /home/server/NodeJS/src/routes/routes.js:25:13
    at Layer.handle [as handle_request] (/home/server/NodeJS/src/node_modules/express/lib/router/layer.js:95:5)
    at next (/home/server/NodeJS/src/node_modules/express/lib/router/route.js:137:13)
    at Route.dispatch (/home/server/NodeJS/src/node_modules/express/lib/router/route.js:112:3)
    at Layer.handle [as handle_request] (/home/server/NodeJS/src/node_modules/express/lib/router/layer.js:95:5)
    at /home/server/NodeJS/src/node_modules/express/lib/router/index.js:281:22
    at Function.process_params (/home/server/NodeJS/src/node_modules/express/lib/router/index.js:335:12)
    at next (/home/server/NodeJS/src/node_modules/express/lib/router/index.js:275:10)
GET Request From: 127.0.0.1 on / at 23:08:59
Error: Failed to lookup view "pages/index" in views directory "/home/server/NodeJS/views"
    at Function.render (/home/server/NodeJS/src/node_modules/express/lib/application.js:580:17)
    at ServerResponse.render (/home/server/NodeJS/src/node_modules/express/lib/response.js:1012:7)
    at /home/server/NodeJS/src/routes/routes.js:25:13
    at Layer.handle [as handle_request] (/home/server/NodeJS/src/node_modules/express/lib/router/layer.js:95:5)
    at next (/home/server/NodeJS/src/node_modules/express/lib/router/route.js:137:13)
    at Route.dispatch (/home/server/NodeJS/src/node_modules/express/lib/router/route.js:112:3)
    at Layer.handle [as handle_request] (/home/server/NodeJS/src/node_modules/express/lib/router/layer.js:95:5)
    at /home/server/NodeJS/src/node_modules/express/lib/router/index.js:281:22
    at Function.process_params (/home/server/NodeJS/src/node_modules/express/lib/router/index.js:335:12)
    at next (/home/server/NodeJS/src/node_modules/express/lib/router/index.js:275:10)
GET Request From: 127.0.0.1 on / at 23:08:59
Error: Failed to lookup view "pages/index" in views directory "/home/server/NodeJS/views"
    at Function.render (/home/server/NodeJS/src/node_modules/express/lib/application.js:580:17)
    at ServerResponse.render (/home/server/NodeJS/src/node_modules/express/lib/response.js:1012:7)
    at /home/server/NodeJS/src/routes/routes.js:25:13
    at Layer.handle [as handle_request] (/home/server/NodeJS/src/node_modules/express/lib/router/layer.js:95:5)
    at next (/home/server/NodeJS/src/node_modules/express/lib/router/route.js:137:13)
    at Route.dispatch (/home/server/NodeJS/src/node_modules/express/lib/router/route.js:112:3)
    at Layer.handle [as handle_request] (/home/server/NodeJS/src/node_modules/express/lib/router/layer.js:95:5)
    at /home/server/NodeJS/src/node_modules/express/lib/router/index.js:281:22
    at Function.process_params (/home/server/NodeJS/src/node_modules/express/lib/router/index.js:335:12)
    at next (/home/server/NodeJS/src/node_modules/express/lib/router/index.js:275:10)
GET Request From: 127.0.0.1 on / at 23:09:01
Error: Failed to lookup view "pages/index" in views directory "/home/server/NodeJS/views"
    at Function.render (/home/server/NodeJS/src/node_modules/express/lib/application.js:580:17)
    at ServerResponse.render (/home/server/NodeJS/src/node_modules/express/lib/response.js:1012:7)
    at /home/server/NodeJS/src/routes/routes.js:25:13
    at Layer.handle [as handle_request] (/home/server/NodeJS/src/node_modules/express/lib/router/layer.js:95:5)
    at next (/home/server/NodeJS/src/node_modules/express/lib/router/route.js:137:13)
    at Route.dispatch (/home/server/NodeJS/src/node_modules/express/lib/router/route.js:112:3)
    at Layer.handle [as handle_request] (/home/server/NodeJS/src/node_modules/express/lib/router/layer.js:95:5)
    at /home/server/NodeJS/src/node_modules/express/lib/router/index.js:281:22
    at Function.process_params (/home/server/NodeJS/src/node_modules/express/lib/router/index.js:335:12)
    at next (/home/server/NodeJS/src/node_modules/express/lib/router/index.js:275:10)
GET Request From: 127.0.0.1 on /holidays at 23:11:40
Error: Failed to lookup view "pages/holidays" in views directory "/home/server/NodeJS/views"
    at Function.render (/home/server/NodeJS/src/node_modules/express/lib/application.js:580:17)
    at ServerResponse.render (/home/server/NodeJS/src/node_modules/express/lib/response.js:1012:7)
    at /home/server/NodeJS/src/routes/routes.js:44:13
    at process._tickCallback (internal/process/next_tick.js:68:7)
GET Request From: 127.0.0.1 on / at 23:11:46
Error: Failed to lookup view "pages/index" in views directory "/home/server/NodeJS/views"
    at Function.render (/home/server/NodeJS/src/node_modules/express/lib/application.js:580:17)
    at ServerResponse.render (/home/server/NodeJS/src/node_modules/express/lib/response.js:1012:7)
    at /home/server/NodeJS/src/routes/routes.js:25:13
    at Layer.handle [as handle_request] (/home/server/NodeJS/src/node_modules/express/lib/router/layer.js:95:5)
    at next (/home/server/NodeJS/src/node_modules/express/lib/router/route.js:137:13)
    at Route.dispatch (/home/server/NodeJS/src/node_modules/express/lib/router/route.js:112:3)
    at Layer.handle [as handle_request] (/home/server/NodeJS/src/node_modules/express/lib/router/layer.js:95:5)
    at /home/server/NodeJS/src/node_modules/express/lib/router/index.js:281:22
    at Function.process_params (/home/server/NodeJS/src/node_modules/express/lib/router/index.js:335:12)
    at next (/home/server/NodeJS/src/node_modules/express/lib/router/index.js:275:10)
